#-----------------------------------------------------------
# Vivado v2020.2 (64-bit)
# SW Build 3064766 on Wed Nov 18 09:12:45 MST 2020
# IP Build 3064653 on Wed Nov 18 14:17:31 MST 2020
# Start of session at: Sun Sep 26 23:20:03 2021
# Process ID: 22780
# Current directory: C:/Users/penny/OneDrive/Desktop/logic design lab/project_2_1
# Command line: vivado.exe -gui_launcher_event rodinguilauncherevent2200 C:\Users\penny\OneDrive\Desktop\logic design lab\project_2_1\project_2_1.xpr
# Log file: C:/Users/penny/OneDrive/Desktop/logic design lab/project_2_1/vivado.log
# Journal file: C:/Users/penny/OneDrive/Desktop/logic design lab/project_2_1\vivado.jou
#-----------------------------------------------------------
start_gui
open_project {C:/Users/penny/OneDrive/Desktop/logic design lab/project_2_1/project_2_1.xpr}
WARNING: [filemgmt 56-3] Default IP Output Path : Could not find the directory 'C:/Users/penny/OneDrive/Desktop/logic design lab/project_2_1/project_2_1.gen/sources_1'.
CRITICAL WARNING: [Project 1-19] Could not find the file 'C:/Users/penny/OneDrive/Desktop/Lab1_Mux_4x1_4bit.v'.
CRITICAL WARNING: [Project 1-19] Could not find the file 'C:/Users/penny/OneDrive/Desktop/Mux_4x1_4bit_t.v'.
Scanning sources...
Finished scanning sources
INFO: [IP_Flow 19-234] Refreshing IP repositories
INFO: [IP_Flow 19-1704] No user IP repositories specified
INFO: [IP_Flow 19-2313] Loaded Vivado IP repository 'C:/Xilinx/Vivado/2020.2/data/ip'.
open_project: Time (s): cpu = 00:00:16 ; elapsed = 00:00:07 . Memory (MB): peak = 1000.270 ; gain = 0.000
update_compile_order -fileset sources_1
exit
INFO: [Common 17-206] Exiting Vivado at Sun Sep 26 23:20:39 2021...
